\BOOKMARK [1][-]{section.1}{\376\377\000E\000i\000n\000l\000e\000i\000t\000u\000n\000g}{}% 1
\BOOKMARK [1][-]{section.2}{\376\377\000T\000h\000r\000e\000a\000d\000s\000\040\000u\000n\000d\000\040\000P\000r\000o\000z\000e\000s\000s\000e}{}% 2
\BOOKMARK [2][-]{subsection.2.1}{\376\377\000A\000u\000f\000b\000a\000u\000\040\000v\000o\000n\000\040\000P\000r\000o\000z\000e\000s\000s\000e\000n}{section.2}% 3
\BOOKMARK [2][-]{subsection.2.2}{\376\377\000V\000e\000r\000w\000a\000l\000t\000e\000n\000\040\000d\000e\000r\000\040\000P\000r\000o\000z\000e\000s\000s\000e}{section.2}% 4
\BOOKMARK [2][-]{subsection.2.3}{\376\377\000F\000u\000n\000k\000t\000i\000o\000n\000s\000w\000e\000i\000s\000e\000\040\000d\000e\000s\000\040\000S\000c\000h\000e\000d\000u\000l\000e\000r\000s}{section.2}% 5
\BOOKMARK [3][-]{subsubsection.2.3.1}{\376\377\000C\000o\000m\000p\000l\000e\000t\000e\000t\000e\000l\000y\000\040\000F\000a\000i\000r\000\040\000S\000c\000h\000e\000d\000u\000l\000i\000n\000g}{subsection.2.3}% 6
\BOOKMARK [3][-]{subsubsection.2.3.2}{\376\377\000R\000o\000u\000n\000d\000\040\000R\000o\000b\000i\000n}{subsection.2.3}% 7
\BOOKMARK [2][-]{subsection.2.4}{\376\377\000T\000h\000r\000e\000a\000d\000s}{section.2}% 8
\BOOKMARK [2][-]{subsection.2.5}{\376\377\000T\000h\000r\000e\000a\000d\000s\000\040\000i\000n\000\040\000J\000a\000v\000a}{section.2}% 9
\BOOKMARK [3][-]{subsubsection.2.5.1}{\376\377\000I\000m\000p\000l\000e\000m\000e\000n\000t\000a\000t\000i\000o\000n\000\040\000i\000n\000\040\000J\000a\000v\000a}{subsection.2.5}% 10
\BOOKMARK [3][-]{subsubsection.2.5.2}{\376\377\000T\000h\000r\000e\000a\000d\000-\000P\000o\000o\000l}{subsection.2.5}% 11
\BOOKMARK [3][-]{subsubsection.2.5.3}{\376\377\000T\000h\000r\000e\000a\000d\000s\000i\000c\000h\000e\000r\000h\000e\000i\000t}{subsection.2.5}% 12
\BOOKMARK [1][-]{section.3}{\376\377\000P\000r\000o\000g\000r\000a\000m\000m}{}% 13
\BOOKMARK [2][-]{subsection.3.1}{\376\377\000I\000d\000e\000e}{section.3}% 14
\BOOKMARK [2][-]{subsection.3.2}{\376\377\000I\000m\000p\000l\000e\000m\000e\000n\000t\000a\000t\000i\000o\000n\000\040\000i\000n\000\040\000J\000a\000v\000a}{section.3}% 15
\BOOKMARK [3][-]{subsubsection.3.2.1}{\376\377\000B\000e\000r\000e\000c\000h\000n\000e\000n\000\040\000d\000e\000r\000\040\000S\000e\000k\000t\000o\000r\000e\000n}{subsection.3.2}% 16
\BOOKMARK [3][-]{subsubsection.3.2.2}{\376\377\000B\000e\000r\000e\000c\000h\000n\000e\000n\000\040\000d\000e\000r\000\040\000d\000u\000r\000c\000h\000s\000c\000h\000n\000i\000t\000t\000l\000i\000c\000h\000e\000n\000\040\000F\000a\000r\000b\000e}{subsection.3.2}% 17
\BOOKMARK [3][-]{subsubsection.3.2.3}{\376\377\000E\000r\000s\000t\000e\000l\000l\000e\000n\000\040\000e\000i\000n\000e\000r\000\040\000D\000a\000t\000e\000n\000b\000a\000n\000k}{subsection.3.2}% 18
\BOOKMARK [3][-]{subsubsection.3.2.4}{\376\377\000B\000e\000r\000e\000c\000h\000n\000e\000n\000\040\000d\000e\000r\000\040\000b\000e\000s\000t\000e\000n\000\040\000B\000i\000l\000d\000e\000r}{subsection.3.2}% 19
\BOOKMARK [3][-]{subsubsection.3.2.5}{\376\377\000S\000k\000a\000l\000i\000e\000r\000e\000n\000\040\000d\000e\000r\000\040\000B\000i\000l\000d\000e\000r}{subsection.3.2}% 20
\BOOKMARK [1][-]{section.4}{\376\377\000L\000a\000u\000f\000z\000e\000i\000t\000a\000n\000a\000l\000y\000s\000e}{}% 21
\BOOKMARK [2][-]{subsection.4.1}{\376\377\000T\000e\000s\000t\000u\000n\000g\000e\000n}{section.4}% 22
\BOOKMARK [1][-]{section.5}{\376\377\000S\000c\000h\000l\000u\000s\000s}{}% 23
\BOOKMARK [2][-]{subsection.5.1}{\376\377\000A\000u\000s\000s\000i\000c\000h\000t}{section.5}% 24
